Using pre-set license
Built from '2021.3/staging' branch; Version is '2021.3.16f1 (4016570cf34f) revision 4200023'; Using compiler version '192829333'; Build Type 'Release'
OS: 'Windows 10  (10.0.19044) 64bit Core' Language: 'en' Physical Memory: 7955 MB
BatchMode: 1, IsHumanControllingUs: 0, StartBugReporterOnCrash: 0, Is64bit: 1, IsPro: 1

COMMAND LINE ARGUMENTS:
C:\Program Files\Unity\Hub\Editor\2021.3.16f1\Editor\Unity.exe
-adb2
-batchMode
-noUpm
-name
AssetImportWorker4
-projectPath
C:/Users/yongy/OneDrive/Documents/GitHub/AR-Project/AR_Template_Project
-logFile
Logs/AssetImportWorker4.log
-srvPort
58351
Successfully changed project path to: C:/Users/yongy/OneDrive/Documents/GitHub/AR-Project/AR_Template_Project
C:/Users/yongy/OneDrive/Documents/GitHub/AR-Project/AR_Template_Project
[UnityMemory] Configuration Parameters - Can be set up in boot.config
    "memorysetup-bucket-allocator-granularity=16"
    "memorysetup-bucket-allocator-bucket-count=8"
    "memorysetup-bucket-allocator-block-size=33554432"
    "memorysetup-bucket-allocator-block-count=8"
    "memorysetup-main-allocator-block-size=16777216"
    "memorysetup-thread-allocator-block-size=16777216"
    "memorysetup-gfx-main-allocator-block-size=16777216"
    "memorysetup-gfx-thread-allocator-block-size=16777216"
    "memorysetup-cache-allocator-block-size=4194304"
    "memorysetup-typetree-allocator-block-size=2097152"
    "memorysetup-profiler-bucket-allocator-granularity=16"
    "memorysetup-profiler-bucket-allocator-bucket-count=8"
    "memorysetup-profiler-bucket-allocator-block-size=33554432"
    "memorysetup-profiler-bucket-allocator-block-count=8"
    "memorysetup-profiler-allocator-block-size=16777216"
    "memorysetup-profiler-editor-allocator-block-size=1048576"
    "memorysetup-temp-allocator-size-main=16777216"
    "memorysetup-job-temp-allocator-block-size=2097152"
    "memorysetup-job-temp-allocator-block-size-background=1048576"
    "memorysetup-job-temp-allocator-reduction-small-platforms=262144"
    "memorysetup-temp-allocator-size-background-worker=32768"
    "memorysetup-temp-allocator-size-job-worker=262144"
    "memorysetup-temp-allocator-size-preload-manager=33554432"
    "memorysetup-temp-allocator-size-nav-mesh-worker=65536"
    "memorysetup-temp-allocator-size-audio-worker=65536"
    "memorysetup-temp-allocator-size-cloud-worker=32768"
    "memorysetup-temp-allocator-size-gi-baking-worker=262144"
    "memorysetup-temp-allocator-size-gfx=262144"
Player connection [7880] Host "[IP] 192.168.31.115 [Port] 0 [Flags] 2 [Guid] 607557462 [EditorId] 607557462 [Version] 1048832 [Id] WindowsEditor(7,LAPTOP-MJJV5AL1) [Debug] 1 [PackageName] WindowsEditor [ProjectName] Editor" joined multi-casting on [225.0.0.222:54997]...

Player connection [7880] Host "[IP] 192.168.31.115 [Port] 0 [Flags] 2 [Guid] 607557462 [EditorId] 607557462 [Version] 1048832 [Id] WindowsEditor(7,LAPTOP-MJJV5AL1) [Debug] 1 [PackageName] WindowsEditor [ProjectName] Editor" joined alternative multi-casting on [225.0.0.222:34997]...

Refreshing native plugins compatible for Editor in 169.99 ms, found 10 plugins.
Preloading 0 native plugins for Editor in 0.00 ms.
Initialize engine version: 2021.3.16f1 (4016570cf34f)
[Subsystems] Discovering subsystems at path C:/Program Files/Unity/Hub/Editor/2021.3.16f1/Editor/Data/Resources/UnitySubsystems
[Subsystems] Discovering subsystems at path C:/Users/yongy/OneDrive/Documents/GitHub/AR-Project/AR_Template_Project/Assets
GfxDevice: creating device client; threaded=0; jobified=0
Direct3D:
    Version:  Direct3D 11.0 [level 11.1]
    Renderer: NVIDIA GeForce RTX 3060 Laptop GPU (ID=0x2520)
    Vendor:   NVIDIA
    VRAM:     6023 MB
    Driver:   30.0.15.1165
Initialize mono
Mono path[0] = 'C:/Program Files/Unity/Hub/Editor/2021.3.16f1/Editor/Data/Managed'
Mono path[1] = 'C:/Program Files/Unity/Hub/Editor/2021.3.16f1/Editor/Data/MonoBleedingEdge/lib/mono/unityjit-win32'
Mono config path = 'C:/Program Files/Unity/Hub/Editor/2021.3.16f1/Editor/Data/MonoBleedingEdge/etc'
Using monoOptions --debugger-agent=transport=dt_socket,embedding=1,server=y,suspend=n,address=127.0.0.1:56616
Begin MonoManager ReloadAssembly
Registering precompiled unity dll's ...
Register platform support module: C:/Program Files/Unity/Hub/Editor/2021.3.16f1/Editor/Data/PlaybackEngines/WebGLSupport/UnityEditor.WebGL.Extensions.dll
Register platform support module: C:/Program Files/Unity/Hub/Editor/2021.3.16f1/Editor/Data/PlaybackEngines/AndroidPlayer/UnityEditor.Android.Extensions.dll
Register platform support module: C:/Program Files/Unity/Hub/Editor/2021.3.16f1/Editor/Data/PlaybackEngines/WindowsStandaloneSupport/UnityEditor.WindowsStandalone.Extensions.dll
Registered in 0.011695 seconds.
Native extension for WindowsStandalone target not found
Native extension for Android target not found
Native extension for WebGL target not found
Refreshing native plugins compatible for Editor in 131.42 ms, found 10 plugins.
Preloading 0 native plugins for Editor in 0.00 ms.
Mono: successfully reloaded assembly
- Completed reload, in  1.174 seconds
Domain Reload Profiling:
	ReloadAssembly (1175ms)
		BeginReloadAssembly (178ms)
			ExecutionOrderSort (0ms)
			DisableScriptedObjects (0ms)
			BackupInstance (0ms)
			ReleaseScriptingObjects (0ms)
			CreateAndSetChildDomain (1ms)
		EndReloadAssembly (836ms)
			LoadAssemblies (175ms)
			RebuildTransferFunctionScriptingTraits (0ms)
			SetupTypeCache (168ms)
			ReleaseScriptCaches (0ms)
			RebuildScriptCaches (71ms)
			SetupLoadedEditorAssemblies (484ms)
				LogAssemblyErrors (0ms)
				InitializePlatformSupportModulesInManaged (94ms)
				SetLoadedEditorAssemblies (0ms)
				RefreshPlugins (132ms)
				BeforeProcessingInitializeOnLoad (2ms)
				ProcessInitializeOnLoadAttributes (187ms)
				ProcessInitializeOnLoadMethodAttributes (69ms)
				AfterProcessingInitializeOnLoad (0ms)
				EditorAssembliesLoaded (0ms)
			ExecutionOrderSort2 (0ms)
			AwakeInstancesAfterBackupRestoration (0ms)
Platform modules already initialized, skipping
Registering precompiled user dll's ...
Registered in 0.036309 seconds.
Begin MonoManager ReloadAssembly
Native extension for WindowsStandalone target not found
Native extension for Android target not found
Native extension for WebGL target not found
Refreshing native plugins compatible for Editor in 113.05 ms, found 10 plugins.
Preloading 0 native plugins for Editor in 0.00 ms.
Package Manager log level set to [2]
Mono: successfully reloaded assembly
- Completed reload, in  1.888 seconds
Domain Reload Profiling:
	ReloadAssembly (1889ms)
		BeginReloadAssembly (300ms)
			ExecutionOrderSort (0ms)
			DisableScriptedObjects (8ms)
			BackupInstance (0ms)
			ReleaseScriptingObjects (0ms)
			CreateAndSetChildDomain (154ms)
		EndReloadAssembly (1418ms)
			LoadAssemblies (213ms)
			RebuildTransferFunctionScriptingTraits (0ms)
			SetupTypeCache (377ms)
			ReleaseScriptCaches (4ms)
			RebuildScriptCaches (97ms)
			SetupLoadedEditorAssemblies (708ms)
				LogAssemblyErrors (0ms)
				InitializePlatformSupportModulesInManaged (21ms)
				SetLoadedEditorAssemblies (0ms)
				RefreshPlugins (113ms)
				BeforeProcessingInitializeOnLoad (156ms)
				ProcessInitializeOnLoadAttributes (369ms)
				ProcessInitializeOnLoadMethodAttributes (39ms)
				AfterProcessingInitializeOnLoad (9ms)
				EditorAssembliesLoaded (0ms)
			ExecutionOrderSort2 (0ms)
			AwakeInstancesAfterBackupRestoration (8ms)
Platform modules already initialized, skipping
========================================================================
Worker process is ready to serve import requests
Launched and connected shader compiler UnityShaderCompiler.exe after 0.06 seconds
Refreshing native plugins compatible for Editor in 1.13 ms, found 10 plugins.
Preloading 0 native plugins for Editor in 0.00 ms.
Unloading 4385 Unused Serialized files (Serialized files now loaded: 0)
Unloading 53 unused Assets / (59.5 KB). Loaded Objects now: 4832.
Memory consumption went from 152.7 MB to 152.7 MB.
Total: 13.636300 ms (FindLiveObjects: 2.190800 ms CreateObjectMapping: 0.498800 ms MarkObjects: 10.346700 ms  DeleteObjects: 0.597500 ms)

AssetImportParameters requested are different than current active one (requested -> active):
  custom:video-decoder-ogg-theora: a1e56fd34408186e4bbccfd4996cb3dc -> 
  custom:container-muxer-webm: aa71ff27fc2769a1b78a27578f13a17b -> 
  custom:container-demuxer-webm: 4f35f7cbe854078d1ac9338744f61a02 -> 
  custom:video-encoder-webm-vp8: eb34c28f22e8b96e1ab97ce403110664 -> 
  custom:audio-encoder-webm-vorbis: bf7c407c2cedff20999df2af8eb42d56 -> 
  custom:framework-win-MediaFoundation: 216162199b28c13a410421893ffa2e32 -> 
  custom:container-demuxer-ogg: 62fdf1f143b41e24485cea50d1cbac27 -> 
  custom:video-decoder-webm-vp8: 9c59270c3fd7afecdb556c50c9e8de78 -> 
  custom:audio-decoder-ogg-vorbis: bf7c407c2cedff20999df2af8eb42d56 -> 
========================================================================
Received Import Request.
  Time since last request: 53218.622513 seconds.
  path: Assets/Plugins/CW/LeanTouch/Extras/Scripts/LeanFingerData.cs
  artifactKey: Guid(ccb7719577ee2df4f9d57e4689532994) Importer(2089858483,0ecaa5967403d082aa24f35e1b516d23)
Start importing Assets/Plugins/CW/LeanTouch/Extras/Scripts/LeanFingerData.cs using Guid(ccb7719577ee2df4f9d57e4689532994) Importer(2089858483,0ecaa5967403d082aa24f35e1b516d23)  -> (artifact id: '648c9a7f2b225ef5e45f6e200215d2b1') in 0.358400 seconds 
========================================================================
Received Import Request.
  Time since last request: 0.000122 seconds.
  path: Assets/Plugins/CW/LeanTouch/Extras/Scripts/LeanSelectByFinger.cs
  artifactKey: Guid(479d695282ba6cf4ba3ab3c4848f05e8) Importer(2089858483,0ecaa5967403d082aa24f35e1b516d23)
Start importing Assets/Plugins/CW/LeanTouch/Extras/Scripts/LeanSelectByFinger.cs using Guid(479d695282ba6cf4ba3ab3c4848f05e8) Importer(2089858483,0ecaa5967403d082aa24f35e1b516d23)  -> (artifact id: '3790dbd29310062fac11daddc7e97e4b') in 0.036134 seconds 
========================================================================
Received Import Request.
  Time since last request: 0.000061 seconds.
  path: Assets/Plugins/CW/LeanTouch/Extras/Scripts/LeanTwistRotateAxis.cs
  artifactKey: Guid(dc7c91b26689a054d88448aba6dfe424) Importer(2089858483,0ecaa5967403d082aa24f35e1b516d23)
Start importing Assets/Plugins/CW/LeanTouch/Extras/Scripts/LeanTwistRotateAxis.cs using Guid(dc7c91b26689a054d88448aba6dfe424) Importer(2089858483,0ecaa5967403d082aa24f35e1b516d23)  -> (artifact id: '5da1af535ae0f067a6fa2006d6f97ced') in 0.060614 seconds 
========================================================================
Received Import Request.
  Time since last request: 0.000023 seconds.
  path: Assets/Plugins/CW/Shared/Common/Examples/Scripts/CwRotate.cs
  artifactKey: Guid(92ede0252ef7e92459ff5df2a16cd28e) Importer(2089858483,0ecaa5967403d082aa24f35e1b516d23)
Start importing Assets/Plugins/CW/Shared/Common/Examples/Scripts/CwRotate.cs using Guid(92ede0252ef7e92459ff5df2a16cd28e) Importer(2089858483,0ecaa5967403d082aa24f35e1b516d23)  -> (artifact id: 'b37690eeb63e873a7c8144b2a22eec26') in 0.023028 seconds 
========================================================================
Received Import Request.
  Time since last request: 0.000105 seconds.
  path: Assets/Plugins/CW/Shared/Common/Examples/Shaders/RimAlpha.shader
  artifactKey: Guid(0d949f33aae55df4d92d64ec31581556) Importer(2089858483,0ecaa5967403d082aa24f35e1b516d23)
Start importing Assets/Plugins/CW/Shared/Common/Examples/Shaders/RimAlpha.shader using Guid(0d949f33aae55df4d92d64ec31581556) Importer(2089858483,0ecaa5967403d082aa24f35e1b516d23)  -> (artifact id: '2c69718ed3fdfdbc428a1b3c75278b3e') in 0.085492 seconds 
========================================================================
Received Import Request.
  Time since last request: 0.000021 seconds.
  path: Assets/Plugins/CW/Shared/Common/Required/Scripts/CwEditor.cs
  artifactKey: Guid(6db2e50665ae04147b7ef6bf70fa0756) Importer(2089858483,0ecaa5967403d082aa24f35e1b516d23)
Start importing Assets/Plugins/CW/Shared/Common/Required/Scripts/CwEditor.cs using Guid(6db2e50665ae04147b7ef6bf70fa0756) Importer(2089858483,0ecaa5967403d082aa24f35e1b516d23)  -> (artifact id: '6fe080117ebc9d4d366780c1bb36ef94') in 0.013929 seconds 
========================================================================
Received Import Request.
  Time since last request: 0.000025 seconds.
  path: Assets/Plugins/CW/Shared/Common/Required/Scripts/CwShaderBundle.cs
  artifactKey: Guid(2eb96458d5d3d8a418388ebad98e1bc4) Importer(2089858483,0ecaa5967403d082aa24f35e1b516d23)
Start importing Assets/Plugins/CW/Shared/Common/Required/Scripts/CwShaderBundle.cs using Guid(2eb96458d5d3d8a418388ebad98e1bc4) Importer(2089858483,0ecaa5967403d082aa24f35e1b516d23)  -> (artifact id: 'fa6e7bad418ac3cdcef6d85b1e53fa7d') in 0.023859 seconds 
========================================================================
Received Import Request.
  Time since last request: 0.000108 seconds.
  path: Assets/Plugins/CW/Shared/Common/Extras/Scripts/CwFollow.cs
  artifactKey: Guid(2d2927631b10c2f4b9ce492ed53fd69b) Importer(2089858483,0ecaa5967403d082aa24f35e1b516d23)
Start importing Assets/Plugins/CW/Shared/Common/Extras/Scripts/CwFollow.cs using Guid(2d2927631b10c2f4b9ce492ed53fd69b) Importer(2089858483,0ecaa5967403d082aa24f35e1b516d23)  -> (artifact id: 'f5491714e96e833dee93fbffd1ac0a7c') in 0.017123 seconds 
========================================================================
Received Import Request.
  Time since last request: 0.000020 seconds.
  path: Assets/Plugins/CW/Shared/Common/Extras/Scripts/CwRenderTextureManager.cs
  artifactKey: Guid(074581640de185e4f9953ebbc6d61a87) Importer(2089858483,0ecaa5967403d082aa24f35e1b516d23)
Start importing Assets/Plugins/CW/Shared/Common/Extras/Scripts/CwRenderTextureManager.cs using Guid(074581640de185e4f9953ebbc6d61a87) Importer(2089858483,0ecaa5967403d082aa24f35e1b516d23)  -> (artifact id: 'b19db2f4d408bc20ff6d53268f1815c4') in 0.054147 seconds 
========================================================================
Received Import Request.
  Time since last request: 0.000024 seconds.
  path: Assets/Plugins/CW/Shared/Common/Extras/Shaders/CW_Fog.surfshader
  artifactKey: Guid(c380c905cdd28fe49a2d9057dafec632) Importer(2089858483,0ecaa5967403d082aa24f35e1b516d23)
Start importing Assets/Plugins/CW/Shared/Common/Extras/Shaders/CW_Fog.surfshader using Guid(c380c905cdd28fe49a2d9057dafec632) Importer(2089858483,0ecaa5967403d082aa24f35e1b516d23)  -> (artifact id: '3474c857da940d7be87609a54f0ec93d') in 0.026747 seconds 
========================================================================
Received Import Request.
  Time since last request: 0.000020 seconds.
  path: Assets/Plugins/CW/LeanCommon/Examples/Materials/Green.mat
  artifactKey: Guid(a7c2868437eddf248a6deb329de23d8e) Importer(2089858483,0ecaa5967403d082aa24f35e1b516d23)
Start importing Assets/Plugins/CW/LeanCommon/Examples/Materials/Green.mat using Guid(a7c2868437eddf248a6deb329de23d8e) Importer(2089858483,0ecaa5967403d082aa24f35e1b516d23)  -> (artifact id: '1416329583632d205c5c29db91d6f926') in 0.029930 seconds 
========================================================================
Received Import Request.
  Time since last request: 0.000032 seconds.
  path: Assets/_BasicFaceFilter/Materials/Raindrop_Particle.mat
  artifactKey: Guid(d626c3faf89bd9446a274676445871af) Importer(2089858483,0ecaa5967403d082aa24f35e1b516d23)
Start importing Assets/_BasicFaceFilter/Materials/Raindrop_Particle.mat using Guid(d626c3faf89bd9446a274676445871af) Importer(2089858483,0ecaa5967403d082aa24f35e1b516d23)  -> (artifact id: '7ede6259eb4a2a1a9e4085f79176b41d') in 0.018051 seconds 
========================================================================
Received Import Request.
  Time since last request: 0.000035 seconds.
  path: Assets/Plugins/CW/LeanTouch/Examples/04    Rotation.unity
  artifactKey: Guid(c525e5b6627cf214993e6e54947d3194) Importer(2089858483,0ecaa5967403d082aa24f35e1b516d23)
Start importing Assets/Plugins/CW/LeanTouch/Examples/04    Rotation.unity using Guid(c525e5b6627cf214993e6e54947d3194) Importer(2089858483,0ecaa5967403d082aa24f35e1b516d23)  -> (artifact id: 'e879e5c1dcf70405f899274f29462286') in 0.015900 seconds 
========================================================================
Received Import Request.
  Time since last request: 0.000056 seconds.
  path: Assets/TextMesh Pro/Examples & Extras/Scenes/17 - Old Computer Terminal.unity
  artifactKey: Guid(3e2e4d7b0bed4cf9ab827e9f32448f69) Importer(2089858483,0ecaa5967403d082aa24f35e1b516d23)
Start importing Assets/TextMesh Pro/Examples & Extras/Scenes/17 - Old Computer Terminal.unity using Guid(3e2e4d7b0bed4cf9ab827e9f32448f69) Importer(2089858483,0ecaa5967403d082aa24f35e1b516d23)  -> (artifact id: 'abde5ce440e0f6bf3b18c12924dbe229') in 0.039651 seconds 
========================================================================
Received Import Request.
  Time since last request: 0.000064 seconds.
  path: Assets/Plugins/CW/LeanTouch/Examples/Finger Trail.unity
  artifactKey: Guid(8717ad9118782244ba638a66799dba09) Importer(2089858483,0ecaa5967403d082aa24f35e1b516d23)
Start importing Assets/Plugins/CW/LeanTouch/Examples/Finger Trail.unity using Guid(8717ad9118782244ba638a66799dba09) Importer(2089858483,0ecaa5967403d082aa24f35e1b516d23)  -> (artifact id: '92a98c7627c8f1fe7294f6d29c281d4d') in 0.019313 seconds 
========================================================================
Received Import Request.
  Time since last request: 0.000021 seconds.
  path: Assets/TextMesh Pro/Examples & Extras/Resources/Fonts & Materials/LiberationSans SDF - Soft Mask.mat
  artifactKey: Guid(42df1c7856584b6b8db9a509b6b10074) Importer(2089858483,0ecaa5967403d082aa24f35e1b516d23)
Start importing Assets/TextMesh Pro/Examples & Extras/Resources/Fonts & Materials/LiberationSans SDF - Soft Mask.mat using Guid(42df1c7856584b6b8db9a509b6b10074) Importer(2089858483,0ecaa5967403d082aa24f35e1b516d23)  -> (artifact id: '527613a63700816216a807167f26b9e4') in 0.044675 seconds 
========================================================================
Received Import Request.
  Time since last request: 0.000021 seconds.
  path: Assets/_BasicFaceFilter/Textures/magic_particle.png
  artifactKey: Guid(7947cb81c5a44d44a966dbe3118910cb) Importer(2089858483,0ecaa5967403d082aa24f35e1b516d23)
Start importing Assets/_BasicFaceFilter/Textures/magic_particle.png using Guid(7947cb81c5a44d44a966dbe3118910cb) Importer(2089858483,0ecaa5967403d082aa24f35e1b516d23)  -> (artifact id: 'd2b7319862f5b87532411fb7c6a57a62') in 0.053452 seconds 
========================================================================
Received Import Request.
  Time since last request: 0.000042 seconds.
  path: Assets/Plugins/CW/Shared/Common/Extras/Scripts/CwSeedAttribute.cs
  artifactKey: Guid(d0c2debde2a068741bac1cf9efca66ac) Importer(2089858483,0ecaa5967403d082aa24f35e1b516d23)
Start importing Assets/Plugins/CW/Shared/Common/Extras/Scripts/CwSeedAttribute.cs using Guid(d0c2debde2a068741bac1cf9efca66ac) Importer(2089858483,0ecaa5967403d082aa24f35e1b516d23)  -> (artifact id: 'abfba1aa4f94ace5a94cf5e31b312584') in 0.017160 seconds 
========================================================================
Received Import Request.
  Time since last request: 0.000021 seconds.
  path: Assets/_BasicFaceFilter/Textures/PropsMaterial_Base_color.png
  artifactKey: Guid(f1aa3fcb5551b0142ae8f3fdf8c48125) Importer(2089858483,0ecaa5967403d082aa24f35e1b516d23)
Start importing Assets/_BasicFaceFilter/Textures/PropsMaterial_Base_color.png using Guid(f1aa3fcb5551b0142ae8f3fdf8c48125) Importer(2089858483,0ecaa5967403d082aa24f35e1b516d23)  -> (artifact id: '95f9d3586aaf055aafba1859e6f91701') in 0.079575 seconds 
========================================================================
Received Import Request.
  Time since last request: 0.000023 seconds.
  path: Assets/TextMesh Pro/Examples & Extras/Scenes/10 - Bullets & Numbered List Example.unity
  artifactKey: Guid(c3f814e1d12c45568daf3dd9a86a0e61) Importer(2089858483,0ecaa5967403d082aa24f35e1b516d23)
Start importing Assets/TextMesh Pro/Examples & Extras/Scenes/10 - Bullets & Numbered List Example.unity using Guid(c3f814e1d12c45568daf3dd9a86a0e61) Importer(2089858483,0ecaa5967403d082aa24f35e1b516d23)  -> (artifact id: '8783bbdb63ffdfcca0f04551300bedef') in 0.011640 seconds 
========================================================================
Received Import Request.
  Time since last request: 0.000146 seconds.
  path: Assets/TextMesh Pro/Examples & Extras/Scenes/05 - Style Tags.unity
  artifactKey: Guid(70615243e2be4a81afaab9bf5d273d65) Importer(2089858483,0ecaa5967403d082aa24f35e1b516d23)
Start importing Assets/TextMesh Pro/Examples & Extras/Scenes/05 - Style Tags.unity using Guid(70615243e2be4a81afaab9bf5d273d65) Importer(2089858483,0ecaa5967403d082aa24f35e1b516d23)  -> (artifact id: '7397c260a96b68b8cd8cd73cf2404ebb') in 0.017190 seconds 
========================================================================
Received Import Request.
  Time since last request: 0.000032 seconds.
  path: Assets/_BasicFaceFilter/Animations/GoblinEarsAnimation.anim
  artifactKey: Guid(7425a33cddf0d7644a0735c09903dd33) Importer(2089858483,0ecaa5967403d082aa24f35e1b516d23)
Start importing Assets/_BasicFaceFilter/Animations/GoblinEarsAnimation.anim using Guid(7425a33cddf0d7644a0735c09903dd33) Importer(2089858483,0ecaa5967403d082aa24f35e1b516d23)  -> (artifact id: '039481b6765f18d6cd475e4c62acd49b') in 0.017574 seconds 
========================================================================
Received Import Request.
  Time since last request: 0.000022 seconds.
  path: Assets/TextMesh Pro/Examples & Extras/Resources/Fonts & Materials/Roboto-Bold SDF - Drop Shadow.mat
  artifactKey: Guid(b246c4190f4e46ec9352fe15a7b09ce0) Importer(2089858483,0ecaa5967403d082aa24f35e1b516d23)
Start importing Assets/TextMesh Pro/Examples & Extras/Resources/Fonts & Materials/Roboto-Bold SDF - Drop Shadow.mat using Guid(b246c4190f4e46ec9352fe15a7b09ce0) Importer(2089858483,0ecaa5967403d082aa24f35e1b516d23)  -> (artifact id: 'c54748ff7e26eed4091edd6d8d052ede') in 0.030356 seconds 
========================================================================
Received Import Request.
  Time since last request: 0.000030 seconds.
  path: Assets/_BasicFaceFilter/Animations/Props_GoblinEars.controller
  artifactKey: Guid(4911c9cc34c05f7439522688884edc27) Importer(2089858483,0ecaa5967403d082aa24f35e1b516d23)
Start importing Assets/_BasicFaceFilter/Animations/Props_GoblinEars.controller using Guid(4911c9cc34c05f7439522688884edc27) Importer(2089858483,0ecaa5967403d082aa24f35e1b516d23)  -> (artifact id: '6ca960783edfde2bbf05b7e7a84f4b2f') in 0.012423 seconds 
========================================================================
Received Import Request.
  Time since last request: 0.000039 seconds.
  path: Assets/AddressableAssetsData/AssetGroups/Schemas/Default Local Group_ContentUpdateGroupSchema.asset
  artifactKey: Guid(2f1410f7fe30c9941801af7f1f7cef71) Importer(2089858483,0ecaa5967403d082aa24f35e1b516d23)
Start importing Assets/AddressableAssetsData/AssetGroups/Schemas/Default Local Group_ContentUpdateGroupSchema.asset using Guid(2f1410f7fe30c9941801af7f1f7cef71) Importer(2089858483,0ecaa5967403d082aa24f35e1b516d23)  -> (artifact id: 'e42d42dae07ba8c04b1645d535e8960c') in 0.013412 seconds 
========================================================================
Received Import Request.
  Time since last request: 0.000032 seconds.
  path: Assets/TextMesh Pro/Examples & Extras/Sprites/DropCap Numbers.psd
  artifactKey: Guid(fd09957580ac4326916010f1f260975b) Importer(2089858483,0ecaa5967403d082aa24f35e1b516d23)
Start importing Assets/TextMesh Pro/Examples & Extras/Sprites/DropCap Numbers.psd using Guid(fd09957580ac4326916010f1f260975b) Importer(2089858483,0ecaa5967403d082aa24f35e1b516d23)  -> (artifact id: '23623b7792488564116a2e3574c76c31') in 0.041555 seconds 
Editor requested this worker to shutdown with reason: Scaling down because of idle timeout
AssetImportWorker is now disconnected from the server
Process exiting
Exiting without the bug reporter. Application will terminate with return code 0