Using pre-set license
Built from '2021.3/staging' branch; Version is '2021.3.16f1 (4016570cf34f) revision 4200023'; Using compiler version '192829333'; Build Type 'Release'
OS: 'Windows 10  (10.0.19044) 64bit Core' Language: 'en' Physical Memory: 7955 MB
BatchMode: 1, IsHumanControllingUs: 0, StartBugReporterOnCrash: 0, Is64bit: 1, IsPro: 1

COMMAND LINE ARGUMENTS:
C:\Program Files\Unity\Hub\Editor\2021.3.16f1\Editor\Unity.exe
-adb2
-batchMode
-noUpm
-name
AssetImportWorker0
-projectPath
C:/Users/yongy/OneDrive/Documents/GitHub/AR-Project/AR_Template_Project
-logFile
Logs/AssetImportWorker0.log
-srvPort
50844
Successfully changed project path to: C:/Users/yongy/OneDrive/Documents/GitHub/AR-Project/AR_Template_Project
C:/Users/yongy/OneDrive/Documents/GitHub/AR-Project/AR_Template_Project
[UnityMemory] Configuration Parameters - Can be set up in boot.config
    "memorysetup-bucket-allocator-granularity=16"
    "memorysetup-bucket-allocator-bucket-count=8"
    "memorysetup-bucket-allocator-block-size=33554432"
    "memorysetup-bucket-allocator-block-count=8"
    "memorysetup-main-allocator-block-size=16777216"
    "memorysetup-thread-allocator-block-size=16777216"
    "memorysetup-gfx-main-allocator-block-size=16777216"
    "memorysetup-gfx-thread-allocator-block-size=16777216"
    "memorysetup-cache-allocator-block-size=4194304"
    "memorysetup-typetree-allocator-block-size=2097152"
    "memorysetup-profiler-bucket-allocator-granularity=16"
    "memorysetup-profiler-bucket-allocator-bucket-count=8"
    "memorysetup-profiler-bucket-allocator-block-size=33554432"
    "memorysetup-profiler-bucket-allocator-block-count=8"
    "memorysetup-profiler-allocator-block-size=16777216"
    "memorysetup-profiler-editor-allocator-block-size=1048576"
    "memorysetup-temp-allocator-size-main=16777216"
    "memorysetup-job-temp-allocator-block-size=2097152"
    "memorysetup-job-temp-allocator-block-size-background=1048576"
    "memorysetup-job-temp-allocator-reduction-small-platforms=262144"
    "memorysetup-temp-allocator-size-background-worker=32768"
    "memorysetup-temp-allocator-size-job-worker=262144"
    "memorysetup-temp-allocator-size-preload-manager=33554432"
    "memorysetup-temp-allocator-size-nav-mesh-worker=65536"
    "memorysetup-temp-allocator-size-audio-worker=65536"
    "memorysetup-temp-allocator-size-cloud-worker=32768"
    "memorysetup-temp-allocator-size-gi-baking-worker=262144"
    "memorysetup-temp-allocator-size-gfx=262144"
Player connection [15740] Host "[IP] 10.91.196.229 [Port] 0 [Flags] 2 [Guid] 3159130986 [EditorId] 3159130986 [Version] 1048832 [Id] WindowsEditor(7,LAPTOP-MJJV5AL1) [Debug] 1 [PackageName] WindowsEditor [ProjectName] Editor" joined multi-casting on [225.0.0.222:54997]...

Player connection [15740] Host "[IP] 10.91.196.229 [Port] 0 [Flags] 2 [Guid] 3159130986 [EditorId] 3159130986 [Version] 1048832 [Id] WindowsEditor(7,LAPTOP-MJJV5AL1) [Debug] 1 [PackageName] WindowsEditor [ProjectName] Editor" joined alternative multi-casting on [225.0.0.222:34997]...

Refreshing native plugins compatible for Editor in 612.85 ms, found 3 plugins.
Preloading 0 native plugins for Editor in 0.00 ms.
Initialize engine version: 2021.3.16f1 (4016570cf34f)
[Subsystems] Discovering subsystems at path C:/Program Files/Unity/Hub/Editor/2021.3.16f1/Editor/Data/Resources/UnitySubsystems
[Subsystems] Discovering subsystems at path C:/Users/yongy/OneDrive/Documents/GitHub/AR-Project/AR_Template_Project/Assets
GfxDevice: creating device client; threaded=0; jobified=0
Direct3D:
    Version:  Direct3D 11.0 [level 11.1]
    Renderer: NVIDIA GeForce RTX 3060 Laptop GPU (ID=0x2520)
    Vendor:   NVIDIA
    VRAM:     6023 MB
    Driver:   30.0.15.1165
Initialize mono
Mono path[0] = 'C:/Program Files/Unity/Hub/Editor/2021.3.16f1/Editor/Data/Managed'
Mono path[1] = 'C:/Program Files/Unity/Hub/Editor/2021.3.16f1/Editor/Data/MonoBleedingEdge/lib/mono/unityjit-win32'
Mono config path = 'C:/Program Files/Unity/Hub/Editor/2021.3.16f1/Editor/Data/MonoBleedingEdge/etc'
Using monoOptions --debugger-agent=transport=dt_socket,embedding=1,server=y,suspend=n,address=127.0.0.1:56112
Begin MonoManager ReloadAssembly
Registering precompiled unity dll's ...
Register platform support module: C:/Program Files/Unity/Hub/Editor/2021.3.16f1/Editor/Data/PlaybackEngines/WebGLSupport/UnityEditor.WebGL.Extensions.dll
Register platform support module: C:/Program Files/Unity/Hub/Editor/2021.3.16f1/Editor/Data/PlaybackEngines/AndroidPlayer/UnityEditor.Android.Extensions.dll
Register platform support module: C:/Program Files/Unity/Hub/Editor/2021.3.16f1/Editor/Data/PlaybackEngines/WindowsStandaloneSupport/UnityEditor.WindowsStandalone.Extensions.dll
Registered in 0.054551 seconds.
Native extension for WindowsStandalone target not found
Native extension for Android target not found
Native extension for WebGL target not found
Refreshing native plugins compatible for Editor in 656.57 ms, found 3 plugins.
Preloading 0 native plugins for Editor in 0.00 ms.
Mono: successfully reloaded assembly
- Completed reload, in  3.415 seconds
Domain Reload Profiling:
	ReloadAssembly (3416ms)
		BeginReloadAssembly (410ms)
			ExecutionOrderSort (0ms)
			DisableScriptedObjects (0ms)
			BackupInstance (0ms)
			ReleaseScriptingObjects (0ms)
			CreateAndSetChildDomain (3ms)
		EndReloadAssembly (2425ms)
			LoadAssemblies (400ms)
			RebuildTransferFunctionScriptingTraits (2ms)
			SetupTypeCache (507ms)
			ReleaseScriptCaches (0ms)
			RebuildScriptCaches (136ms)
			SetupLoadedEditorAssemblies (1551ms)
				LogAssemblyErrors (0ms)
				InitializePlatformSupportModulesInManaged (240ms)
				SetLoadedEditorAssemblies (1ms)
				RefreshPlugins (657ms)
				BeforeProcessingInitializeOnLoad (6ms)
				ProcessInitializeOnLoadAttributes (455ms)
				ProcessInitializeOnLoadMethodAttributes (192ms)
				AfterProcessingInitializeOnLoad (0ms)
				EditorAssembliesLoaded (0ms)
			ExecutionOrderSort2 (0ms)
			AwakeInstancesAfterBackupRestoration (0ms)
Platform modules already initialized, skipping
Registering precompiled user dll's ...
Registered in 0.054708 seconds.
Android Extension - Scanning For ADB Devices 6926 ms
Begin MonoManager ReloadAssembly
Symbol file LoadedFromMemory doesn't match image C:\Users\yongy\OneDrive\Documents\GitHub\AR-Project\AR_Template_Project\Library\PackageCache\com.unity.visualscripting@1.7.8\Editor\VisualScripting.Core\Dependencies\YamlDotNet\Unity.VisualScripting.YamlDotNet.dll
Symbol file LoadedFromMemory doesn't match image C:\Users\yongy\OneDrive\Documents\GitHub\AR-Project\AR_Template_Project\Library\PackageCache\com.unity.visualscripting@1.7.8\Editor\VisualScripting.Core\Dependencies\DotNetZip\Unity.VisualScripting.IonicZip.dll
Native extension for WindowsStandalone target not found
Native extension for Android target not found
Native extension for WebGL target not found
Refreshing native plugins compatible for Editor in 549.65 ms, found 3 plugins.
Preloading 0 native plugins for Editor in 0.00 ms.
Package Manager log level set to [2]
Mono: successfully reloaded assembly
- Completed reload, in  7.054 seconds
Domain Reload Profiling:
	ReloadAssembly (7058ms)
		BeginReloadAssembly (603ms)
			ExecutionOrderSort (0ms)
			DisableScriptedObjects (27ms)
			BackupInstance (0ms)
			ReleaseScriptingObjects (1ms)
			CreateAndSetChildDomain (96ms)
		EndReloadAssembly (5910ms)
			LoadAssemblies (649ms)
			RebuildTransferFunctionScriptingTraits (1ms)
			SetupTypeCache (1549ms)
			ReleaseScriptCaches (2ms)
			RebuildScriptCaches (346ms)
			SetupLoadedEditorAssemblies (3221ms)
				LogAssemblyErrors (0ms)
				InitializePlatformSupportModulesInManaged (69ms)
				SetLoadedEditorAssemblies (1ms)
				RefreshPlugins (550ms)
				BeforeProcessingInitializeOnLoad (683ms)
				ProcessInitializeOnLoadAttributes (1508ms)
				ProcessInitializeOnLoadMethodAttributes (366ms)
				AfterProcessingInitializeOnLoad (43ms)
				EditorAssembliesLoaded (1ms)
			ExecutionOrderSort2 (0ms)
			AwakeInstancesAfterBackupRestoration (36ms)
Platform modules already initialized, skipping
========================================================================
Worker process is ready to serve import requests
Launched and connected shader compiler UnityShaderCompiler.exe after 0.18 seconds
Refreshing native plugins compatible for Editor in 3.97 ms, found 3 plugins.
Preloading 0 native plugins for Editor in 0.00 ms.
Unloading 6317 Unused Serialized files (Serialized files now loaded: 0)
Unloading 42 unused Assets / (473.0 KB). Loaded Objects now: 6776.
Memory consumption went from 242.8 MB to 242.3 MB.
Total: 18.065000 ms (FindLiveObjects: 0.981100 ms CreateObjectMapping: 0.713200 ms MarkObjects: 15.368100 ms  DeleteObjects: 1.000300 ms)

AssetImportParameters requested are different than current active one (requested -> active):
  custom:video-decoder-ogg-theora: a1e56fd34408186e4bbccfd4996cb3dc -> 
  custom:container-muxer-webm: aa71ff27fc2769a1b78a27578f13a17b -> 
  custom:container-demuxer-webm: 4f35f7cbe854078d1ac9338744f61a02 -> 
  custom:video-encoder-webm-vp8: eb34c28f22e8b96e1ab97ce403110664 -> 
  custom:audio-encoder-webm-vorbis: bf7c407c2cedff20999df2af8eb42d56 -> 
  custom:framework-win-MediaFoundation: 216162199b28c13a410421893ffa2e32 -> 
  custom:container-demuxer-ogg: 62fdf1f143b41e24485cea50d1cbac27 -> 
  custom:video-decoder-webm-vp8: 9c59270c3fd7afecdb556c50c9e8de78 -> 
  custom:audio-decoder-ogg-vorbis: bf7c407c2cedff20999df2af8eb42d56 -> 
========================================================================
Received Import Request.
  Time since last request: 16067.880024 seconds.
  path: Assets/Prefab
  artifactKey: Guid(d0c2ed0407c764c4e91399d52feac4a7) Importer(815301076,1909f56bfc062723c751e8b465ee728b)
Start importing Assets/Prefab using Guid(d0c2ed0407c764c4e91399d52feac4a7) Importer(815301076,1909f56bfc062723c751e8b465ee728b)  -> (artifact id: 'ce795da3440ff7e2fc269b3cc4a03a26') in 0.091398 seconds 
========================================================================
Received Import Request.
  Time since last request: 0.532434 seconds.
  path: Assets/Prefab/AR Default Plane.prefab
  artifactKey: Guid(43f20a393eebf3746b8378ba5debbe0f) Importer(815301076,1909f56bfc062723c751e8b465ee728b)
Start importing Assets/Prefab/AR Default Plane.prefab using Guid(43f20a393eebf3746b8378ba5debbe0f) Importer(815301076,1909f56bfc062723c751e8b465ee728b)  -> (artifact id: '38ff5813ca491ea68a84169fe865a651') in 1.233077 seconds 
========================================================================
Received Import Request.
  Time since last request: 0.000087 seconds.
  path: Assets/Prefab/Single yellow light Variant.prefab
  artifactKey: Guid(9aa283e4460f2524da381df36f250f5a) Importer(815301076,1909f56bfc062723c751e8b465ee728b)
Start importing Assets/Prefab/Single yellow light Variant.prefab using Guid(9aa283e4460f2524da381df36f250f5a) Importer(815301076,1909f56bfc062723c751e8b465ee728b)  -> (artifact id: '12674c2ad4d2ffa9ca45f738a7c22a5f') in 0.246193 seconds 
========================================================================
Received Import Request.
  Time since last request: 0.000123 seconds.
  path: Assets/Prefab/Single Green light.prefab
  artifactKey: Guid(d2a7ddd83161ebe44a24c97224ceaa79) Importer(815301076,1909f56bfc062723c751e8b465ee728b)
Start importing Assets/Prefab/Single Green light.prefab using Guid(d2a7ddd83161ebe44a24c97224ceaa79) Importer(815301076,1909f56bfc062723c751e8b465ee728b)  -> (artifact id: 'e34e82f21edf93233a6d160f8cf71f45') in 0.182386 seconds 
========================================================================
Received Import Request.
  Time since last request: 0.000090 seconds.
  path: Assets/Prefab/Single Blue light.prefab
  artifactKey: Guid(ec4bde2a6c29b464eb0d85c8db39b845) Importer(815301076,1909f56bfc062723c751e8b465ee728b)
Start importing Assets/Prefab/Single Blue light.prefab using Guid(ec4bde2a6c29b464eb0d85c8db39b845) Importer(815301076,1909f56bfc062723c751e8b465ee728b)  -> (artifact id: '9f2fca2caea3dea1047b40b2edf99353') in 0.162507 seconds 
========================================================================
Received Import Request.
  Time since last request: 0.000188 seconds.
  path: Assets/Prefab/transparentbox.mat
  artifactKey: Guid(9531326f30965ea4bbd43abba0855637) Importer(815301076,1909f56bfc062723c751e8b465ee728b)
Start importing Assets/Prefab/transparentbox.mat using Guid(9531326f30965ea4bbd43abba0855637) Importer(815301076,1909f56bfc062723c751e8b465ee728b)  -> (artifact id: '54ea0a815deef03925a2d544fb7863ba') in 0.127615 seconds 
========================================================================
Received Import Request.
  Time since last request: 15.274812 seconds.
  path: Assets/script/marker.png
  artifactKey: Guid(d4b82293e6972e24a9843541ba9d57c6) Importer(815301076,1909f56bfc062723c751e8b465ee728b)
Start importing Assets/script/marker.png using Guid(d4b82293e6972e24a9843541ba9d57c6) Importer(815301076,1909f56bfc062723c751e8b465ee728b)  -> (artifact id: 'fb29a00236744035bc4dc0c5309f391b') in 0.152038 seconds 
========================================================================
Received Import Request.
  Time since last request: 2.178781 seconds.
  path: Assets/script/InputManager.cs
  artifactKey: Guid(8de2190e02fd19e41b035675525ca118) Importer(815301076,1909f56bfc062723c751e8b465ee728b)
Start importing Assets/script/InputManager.cs using Guid(8de2190e02fd19e41b035675525ca118) Importer(815301076,1909f56bfc062723c751e8b465ee728b)  -> (artifact id: 'b0a5881757204d9083bae0b46c89d761') in 0.040420 seconds 
Editor requested this worker to shutdown with reason: Scaling down because of idle timeout
AssetImportWorker is now disconnected from the server
Process exiting
Exiting without the bug reporter. Application will terminate with return code 0